<?xml version="1.0" encoding="UTF-8"?>
<!-- Generated by org.testng.reporters.JUnitReportReporter -->
<testsuite hostname="me-PC" name="testscripts.Control" tests="1" failures="0" timestamp="26 Sep 2018 01:34:48 GMT" time="48.546" errors="0">
  <testcase name="controlmethod" time="48.546" classname="testscripts.Control"/>
</testsuite> <!-- testscripts.Control -->
